<?xml version="1.0" encoding="UTF-8" ?>
<testsuite tests="15" failures="0" name="collabai.group60.Group60PartyTest" time="0.215" errors="0" skipped="0">
  <properties>
[...]
</properties>
  <testcase classname="collabai.group60.Group60PartyTest" name="smokeTest" time="0.115"/>
  <testcase classname="collabai.group60.Group60PartyTest" name="testInformSettings" time="0.016"/>
  <testcase classname="collabai.group60.Group60PartyTest" name="testInformAndConnection" time="0"/>
  <testcase classname="collabai.group60.Group60PartyTest" name="testAgentsUpdatesMOPACProgress" time="0.015"/>
  <testcase classname="collabai.group60.Group60PartyTest" name="testGetCapabilities" time="0.016"/>
  <testcase classname="collabai.group60.Group60PartyTest" name="testAgentLogsFinal" time="0.031"/>
  <testcase classname="collabai.group60.Group60PartyTest" name="getDescriptionTest" time="0"/>
  <testcase classname="collabai.group60.Group60PartyTest" name="testAgentsUpdatesSAOPProgress" time="0"/>
  <testcase classname="collabai.group60.Group60PartyTest" name="testOtherWalksAway" time="0"/>
  <testcase classname="collabai.group60.Group60PartyTest" name="testAgentHasFirstTurn" time="0.007"/>
  <testcase classname="collabai.group60.Group60PartyTest" name="testAgentAccepts" time="0"/>
  <testcase classname="collabai.group60.Group60PartyTest" name="testInformConnection" time="0"/>
  <testcase classname="collabai.group60.Group60PartyTest" name="testVoting" time="0"/>
  <testcase classname="collabai.group60.Group60PartyTest" name="getCapabilitiesTest" time="0"/>
  <testcase classname="collabai.group60.Group60PartyTest" name="testVotingWithValue" time="0.015"/>
</testsuite>